2021-02-05 17:35:36.995  INFO DESKTOP-1C650N4
			--- [ject.App.main()] c.p.m.App                                : Starting App on DESKTOP-1C650N4 with PID 3156 (C:\Users\jeffe\eclipse-workspace\mavenProject\target\classes started by jeffe in C:\Users\jeffe\eclipse-workspace\mavenProject)
2021-02-05 17:35:37.161  INFO DESKTOP-1C650N4
			--- [ject.App.main()] ationConfigEmbeddedWebApplicationContext : Refreshing org.springframework.boot.context.embedded.AnnotationConfigEmbeddedWebApplicationContext@656a992f: startup date [Fri Feb 05 17:35:37 EST 2021]; root of context hierarchy
2021-02-05 17:35:40.096  INFO DESKTOP-1C650N4
			--- [ject.App.main()] o.s.b.f.s.DefaultListableBeanFactory     : Overriding bean definition for bean 'beanNameViewResolver': replacing [Root bean: class [null]; scope=; abstract=false; lazyInit=false; autowireMode=3; dependencyCheck=0; autowireCandidate=true; primary=false; factoryBeanName=org.springframework.boot.autoconfigure.web.ErrorMvcAutoConfiguration$WhitelabelErrorViewConfiguration; factoryMethodName=beanNameViewResolver; initMethodName=null; destroyMethodName=(inferred); defined in class path resource [org/springframework/boot/autoconfigure/web/ErrorMvcAutoConfiguration$WhitelabelErrorViewConfiguration.class]] with [Root bean: class [null]; scope=; abstract=false; lazyInit=false; autowireMode=3; dependencyCheck=0; autowireCandidate=true; primary=false; factoryBeanName=org.springframework.boot.autoconfigure.web.WebMvcAutoConfiguration$WebMvcAutoConfigurationAdapter; factoryMethodName=beanNameViewResolver; initMethodName=null; destroyMethodName=(inferred); defined in class path resource [org/springframework/boot/autoconfigure/web/WebMvcAutoConfiguration$WebMvcAutoConfigurationAdapter.class]]
2021-02-05 17:35:42.169  INFO DESKTOP-1C650N4
			--- [ject.App.main()] o.h.v.i.u.Version                        : HV000001: Hibernate Validator 5.1.3.Final
2021-02-05 17:35:42.834  INFO DESKTOP-1C650N4
			--- [ject.App.main()] trationDelegate$BeanPostProcessorChecker : Bean 'org.springframework.transaction.annotation.ProxyTransactionManagementConfiguration' of type [class org.springframework.transaction.annotation.ProxyTransactionManagementConfiguration$$EnhancerBySpringCGLIB$$b4504d31] is not eligible for getting processed by all BeanPostProcessors (for example: not eligible for auto-proxying)
2021-02-05 17:35:42.946  INFO DESKTOP-1C650N4
			--- [ject.App.main()] trationDelegate$BeanPostProcessorChecker : Bean 'transactionAttributeSource' of type [class org.springframework.transaction.annotation.AnnotationTransactionAttributeSource] is not eligible for getting processed by all BeanPostProcessors (for example: not eligible for auto-proxying)
2021-02-05 17:35:42.985  INFO DESKTOP-1C650N4
			--- [ject.App.main()] trationDelegate$BeanPostProcessorChecker : Bean 'transactionInterceptor' of type [class org.springframework.transaction.interceptor.TransactionInterceptor] is not eligible for getting processed by all BeanPostProcessors (for example: not eligible for auto-proxying)
2021-02-05 17:35:43.018  INFO DESKTOP-1C650N4
			--- [ject.App.main()] trationDelegate$BeanPostProcessorChecker : Bean 'org.springframework.transaction.config.internalTransactionAdvisor' of type [class org.springframework.transaction.interceptor.BeanFactoryTransactionAttributeSourceAdvisor] is not eligible for getting processed by all BeanPostProcessors (for example: not eligible for auto-proxying)
2021-02-05 17:35:44.502  INFO DESKTOP-1C650N4
			--- [ject.App.main()] s.b.c.e.t.TomcatEmbeddedServletContainer : Tomcat initialized with port(s): 8080 (http)
2021-02-05 17:35:44.912  INFO DESKTOP-1C650N4
			--- [ject.App.main()] o.a.c.c.StandardService                  : Starting service Tomcat
2021-02-05 17:35:45.105  INFO DESKTOP-1C650N4
			--- [ject.App.main()] o.a.c.c.StandardEngine                   : Starting Servlet Engine: Apache Tomcat/8.0.26
2021-02-05 17:35:45.382  INFO DESKTOP-1C650N4
			--- [ost-startStop-1] o.a.c.l.WebappLoader                     : Unknown loader jdk.internal.loader.ClassLoaders$AppClassLoader@30946e09 class jdk.internal.loader.ClassLoaders$AppClassLoader
2021-02-05 17:35:45.451  INFO DESKTOP-1C650N4
			--- [ost-startStop-1] o.a.c.c.C.[.[.[/]                        : Initializing Spring embedded WebApplicationContext
2021-02-05 17:35:45.456  INFO DESKTOP-1C650N4
			--- [ost-startStop-1] o.s.w.c.ContextLoader                    : Root WebApplicationContext: initialization completed in 8311 ms
2021-02-05 17:35:47.785  INFO DESKTOP-1C650N4
			--- [ost-startStop-1] o.s.b.c.e.ServletRegistrationBean        : Mapping servlet: 'dispatcherServlet' to [/]
2021-02-05 17:35:47.824  INFO DESKTOP-1C650N4
			--- [ost-startStop-1] o.s.b.c.e.FilterRegistrationBean         : Mapping filter: 'characterEncodingFilter' to: [/*]
2021-02-05 17:35:47.995  INFO DESKTOP-1C650N4
			--- [ost-startStop-1] o.s.b.c.e.FilterRegistrationBean         : Mapping filter: 'hiddenHttpMethodFilter' to: [/*]
2021-02-05 17:35:49.350  INFO DESKTOP-1C650N4
			--- [ost-startStop-1] o.a.c.u.SessionIdGeneratorBase           : Creation of SecureRandom instance for session ID generation using [SHA1PRNG] took [1,195] milliseconds.
2021-02-05 17:35:49.988  INFO DESKTOP-1C650N4
			--- [ject.App.main()] j.LocalContainerEntityManagerFactoryBean : Building JPA container EntityManagerFactory for persistence unit 'default'
2021-02-05 17:35:50.027  INFO DESKTOP-1C650N4
			--- [ject.App.main()] o.h.j.i.u.LogHelper                      : HHH000204: Processing PersistenceUnitInfo [
	name: default
	...]
2021-02-05 17:35:50.265  INFO DESKTOP-1C650N4
			--- [ject.App.main()] o.h.Version                              : HHH000412: Hibernate Core {4.3.11.Final}
2021-02-05 17:35:50.271  INFO DESKTOP-1C650N4
			--- [ject.App.main()] o.h.c.Environment                        : HHH000206: hibernate.properties not found
2021-02-05 17:35:50.274  INFO DESKTOP-1C650N4
			--- [ject.App.main()] o.h.c.Environment                        : HHH000021: Bytecode provider name : javassist
2021-02-05 17:35:50.764  INFO DESKTOP-1C650N4
			--- [ject.App.main()] o.h.a.c.Version                          : HCANN000001: Hibernate Commons Annotations {4.0.5.Final}
2021-02-05 17:35:53.109  INFO DESKTOP-1C650N4
			--- [ject.App.main()] o.h.d.Dialect                            : HHH000400: Using dialect: org.hibernate.dialect.MySQL5Dialect
2021-02-05 17:35:53.411  INFO DESKTOP-1C650N4
			--- [ject.App.main()] o.h.h.i.a.ASTQueryTranslatorFactory      : HHH000397: Using ASTQueryTranslatorFactory
2021-02-05 17:35:54.601  INFO DESKTOP-1C650N4
			--- [ject.App.main()] o.h.t.h.SchemaExport                     : HHH000227: Running hbm2ddl schema export
2021-02-05 17:35:56.139  INFO DESKTOP-1C650N4
			--- [ject.App.main()] o.h.t.h.SchemaExport                     : HHH000230: Schema export complete
2021-02-05 17:35:58.053  INFO DESKTOP-1C650N4
			--- [ject.App.main()] s.w.s.m.m.a.RequestMappingHandlerAdapter : Looking for @ControllerAdvice: org.springframework.boot.context.embedded.AnnotationConfigEmbeddedWebApplicationContext@656a992f: startup date [Fri Feb 05 17:35:37 EST 2021]; root of context hierarchy
2021-02-05 17:35:58.262  INFO DESKTOP-1C650N4
			--- [ject.App.main()] s.w.s.m.m.a.RequestMappingHandlerMapping : Mapped "{[/friends/{id}],methods=[PUT]}" onto public com.promineotech.mavenProject.entity.Friend com.promineotech.mavenProject.controllers.FriendsController.updateFriend(java.lang.Long,com.promineotech.mavenProject.entity.Friend)
2021-02-05 17:35:58.265  INFO DESKTOP-1C650N4
			--- [ject.App.main()] s.w.s.m.m.a.RequestMappingHandlerMapping : Mapped "{[/friends/{id}],methods=[DELETE]}" onto public void com.promineotech.mavenProject.controllers.FriendsController.deleteFriend(java.lang.Long)
2021-02-05 17:35:58.267  INFO DESKTOP-1C650N4
			--- [ject.App.main()] s.w.s.m.m.a.RequestMappingHandlerMapping : Mapped "{[/friends/{id}]}" onto public com.promineotech.mavenProject.entity.Friend com.promineotech.mavenProject.controllers.FriendsController.getFriend(java.lang.Long)
2021-02-05 17:35:58.270  INFO DESKTOP-1C650N4
			--- [ject.App.main()] s.w.s.m.m.a.RequestMappingHandlerMapping : Mapped "{[/friends],methods=[POST]}" onto public com.promineotech.mavenProject.entity.Friend com.promineotech.mavenProject.controllers.FriendsController.addFriend(com.promineotech.mavenProject.entity.Friend)
2021-02-05 17:35:58.274  INFO DESKTOP-1C650N4
			--- [ject.App.main()] s.w.s.m.m.a.RequestMappingHandlerMapping : Mapped "{[/friends]}" onto public java.lang.Iterable<com.promineotech.mavenProject.entity.Friend> com.promineotech.mavenProject.controllers.FriendsController.getFriends()
2021-02-05 17:35:58.278  INFO DESKTOP-1C650N4
			--- [ject.App.main()] s.w.s.m.m.a.RequestMappingHandlerMapping : Mapped "{[/error]}" onto public org.springframework.http.ResponseEntity<java.util.Map<java.lang.String, java.lang.Object>> org.springframework.boot.autoconfigure.web.BasicErrorController.error(javax.servlet.http.HttpServletRequest)
2021-02-05 17:35:58.281  INFO DESKTOP-1C650N4
			--- [ject.App.main()] s.w.s.m.m.a.RequestMappingHandlerMapping : Mapped "{[/error],produces=[text/html]}" onto public org.springframework.web.servlet.ModelAndView org.springframework.boot.autoconfigure.web.BasicErrorController.errorHtml(javax.servlet.http.HttpServletRequest)
2021-02-05 17:35:58.365  INFO DESKTOP-1C650N4
			--- [ject.App.main()] o.s.w.s.h.SimpleUrlHandlerMapping        : Mapped URL path [/webjars/**] onto handler of type [class org.springframework.web.servlet.resource.ResourceHttpRequestHandler]
2021-02-05 17:35:58.377  INFO DESKTOP-1C650N4
			--- [ject.App.main()] o.s.w.s.h.SimpleUrlHandlerMapping        : Mapped URL path [/**] onto handler of type [class org.springframework.web.servlet.resource.ResourceHttpRequestHandler]
2021-02-05 17:35:58.520  INFO DESKTOP-1C650N4
			--- [ject.App.main()] o.s.w.s.h.SimpleUrlHandlerMapping        : Mapped URL path [/**/favicon.ico] onto handler of type [class org.springframework.web.servlet.resource.ResourceHttpRequestHandler]
2021-02-05 17:35:59.081  INFO DESKTOP-1C650N4
			--- [ject.App.main()] o.s.j.e.a.AnnotationMBeanExporter        : Registering beans for JMX exposure on startup
2021-02-05 17:35:59.190  INFO DESKTOP-1C650N4
			--- [ject.App.main()] o.a.c.h.Http11NioProtocol                : Initializing ProtocolHandler ["http-nio-8080"]
2021-02-05 17:35:59.227  INFO DESKTOP-1C650N4
			--- [ject.App.main()] o.a.c.h.Http11NioProtocol                : Starting ProtocolHandler ["http-nio-8080"]
2021-02-05 17:35:59.279  INFO DESKTOP-1C650N4
			--- [ject.App.main()] o.a.t.u.n.NioSelectorPool                : Using a shared selector for servlet write/read
2021-02-05 17:35:59.338  INFO DESKTOP-1C650N4
			--- [ject.App.main()] s.b.c.e.t.TomcatEmbeddedServletContainer : Tomcat started on port(s): 8080 (http)
2021-02-05 17:35:59.351  INFO DESKTOP-1C650N4
			--- [ject.App.main()] c.p.m.App                                : Started App in 23.559 seconds (JVM running for 38.133)
2021-02-05 17:36:34.702  INFO DESKTOP-1C650N4
			--- [nio-8080-exec-1] o.a.c.c.C.[.[.[/]                        : Initializing Spring FrameworkServlet 'dispatcherServlet'
2021-02-05 17:36:34.712  INFO DESKTOP-1C650N4
			--- [nio-8080-exec-1] o.s.w.s.DispatcherServlet                : FrameworkServlet 'dispatcherServlet': initialization started
2021-02-05 17:36:34.811  INFO DESKTOP-1C650N4
			--- [nio-8080-exec-1] o.s.w.s.DispatcherServlet                : FrameworkServlet 'dispatcherServlet': initialization completed in 98 ms
2021-02-05 17:36:35.030  INFO DESKTOP-1C650N4
			--- [nio-8080-exec-1] c.p.m.c.FriendsController                : Info log
2021-02-05 17:36:35.033  WARN DESKTOP-1C650N4
			--- [nio-8080-exec-1] c.p.m.c.FriendsController                : WARNING
2021-02-05 17:36:35.042 ERROR DESKTOP-1C650N4
			--- [nio-8080-exec-1] c.p.m.c.FriendsController                : This is an error
2021-02-05 17:36:35.050 FATAL DESKTOP-1C650N4
			--- [nio-8080-exec-1] c.p.m.c.FriendsController                : Your program is broken
2021-02-05 17:44:19.501  INFO DESKTOP-1C650N4
			--- [ject.App.main()] c.p.m.App                                : Starting App on DESKTOP-1C650N4 with PID 16616 (C:\Users\jeffe\eclipse-workspace\mavenProject\target\classes started by jeffe in C:\Users\jeffe\eclipse-workspace\mavenProject)
2021-02-05 17:44:19.734  INFO DESKTOP-1C650N4
			--- [ject.App.main()] ationConfigEmbeddedWebApplicationContext : Refreshing org.springframework.boot.context.embedded.AnnotationConfigEmbeddedWebApplicationContext@6922516a: startup date [Fri Feb 05 17:44:19 EST 2021]; root of context hierarchy
2021-02-05 17:44:26.706  INFO DESKTOP-1C650N4
			--- [ject.App.main()] o.s.b.f.s.DefaultListableBeanFactory     : Overriding bean definition for bean 'beanNameViewResolver': replacing [Root bean: class [null]; scope=; abstract=false; lazyInit=false; autowireMode=3; dependencyCheck=0; autowireCandidate=true; primary=false; factoryBeanName=org.springframework.boot.autoconfigure.web.ErrorMvcAutoConfiguration$WhitelabelErrorViewConfiguration; factoryMethodName=beanNameViewResolver; initMethodName=null; destroyMethodName=(inferred); defined in class path resource [org/springframework/boot/autoconfigure/web/ErrorMvcAutoConfiguration$WhitelabelErrorViewConfiguration.class]] with [Root bean: class [null]; scope=; abstract=false; lazyInit=false; autowireMode=3; dependencyCheck=0; autowireCandidate=true; primary=false; factoryBeanName=org.springframework.boot.autoconfigure.web.WebMvcAutoConfiguration$WebMvcAutoConfigurationAdapter; factoryMethodName=beanNameViewResolver; initMethodName=null; destroyMethodName=(inferred); defined in class path resource [org/springframework/boot/autoconfigure/web/WebMvcAutoConfiguration$WebMvcAutoConfigurationAdapter.class]]
2021-02-05 17:44:32.224  INFO DESKTOP-1C650N4
			--- [ject.App.main()] o.h.v.i.u.Version                        : HV000001: Hibernate Validator 5.1.3.Final
2021-02-05 17:44:34.282  INFO DESKTOP-1C650N4
			--- [ject.App.main()] trationDelegate$BeanPostProcessorChecker : Bean 'org.springframework.transaction.annotation.ProxyTransactionManagementConfiguration' of type [class org.springframework.transaction.annotation.ProxyTransactionManagementConfiguration$$EnhancerBySpringCGLIB$$afe451c7] is not eligible for getting processed by all BeanPostProcessors (for example: not eligible for auto-proxying)
2021-02-05 17:44:34.642  INFO DESKTOP-1C650N4
			--- [ject.App.main()] trationDelegate$BeanPostProcessorChecker : Bean 'transactionAttributeSource' of type [class org.springframework.transaction.annotation.AnnotationTransactionAttributeSource] is not eligible for getting processed by all BeanPostProcessors (for example: not eligible for auto-proxying)
2021-02-05 17:44:34.796  INFO DESKTOP-1C650N4
			--- [ject.App.main()] trationDelegate$BeanPostProcessorChecker : Bean 'transactionInterceptor' of type [class org.springframework.transaction.interceptor.TransactionInterceptor] is not eligible for getting processed by all BeanPostProcessors (for example: not eligible for auto-proxying)
2021-02-05 17:44:35.003  INFO DESKTOP-1C650N4
			--- [ject.App.main()] trationDelegate$BeanPostProcessorChecker : Bean 'org.springframework.transaction.config.internalTransactionAdvisor' of type [class org.springframework.transaction.interceptor.BeanFactoryTransactionAttributeSourceAdvisor] is not eligible for getting processed by all BeanPostProcessors (for example: not eligible for auto-proxying)
2021-02-05 17:44:40.334  INFO DESKTOP-1C650N4
			--- [ject.App.main()] s.b.c.e.t.TomcatEmbeddedServletContainer : Tomcat initialized with port(s): 8080 (http)
2021-02-05 17:44:41.611  INFO DESKTOP-1C650N4
			--- [ject.App.main()] o.a.c.c.StandardService                  : Starting service Tomcat
2021-02-05 17:44:41.773  INFO DESKTOP-1C650N4
			--- [ject.App.main()] o.a.c.c.StandardEngine                   : Starting Servlet Engine: Apache Tomcat/8.0.26
2021-02-05 17:44:42.810  INFO DESKTOP-1C650N4
			--- [ost-startStop-1] o.a.c.l.WebappLoader                     : Unknown loader jdk.internal.loader.ClassLoaders$AppClassLoader@30946e09 class jdk.internal.loader.ClassLoaders$AppClassLoader
2021-02-05 17:44:43.006  INFO DESKTOP-1C650N4
			--- [ost-startStop-1] o.a.c.c.C.[.[.[/]                        : Initializing Spring embedded WebApplicationContext
2021-02-05 17:44:43.101  INFO DESKTOP-1C650N4
			--- [ost-startStop-1] o.s.w.c.ContextLoader                    : Root WebApplicationContext: initialization completed in 23385 ms
2021-02-05 17:44:49.393  INFO DESKTOP-1C650N4
			--- [ost-startStop-1] o.s.b.c.e.ServletRegistrationBean        : Mapping servlet: 'dispatcherServlet' to [/]
2021-02-05 17:44:49.529  INFO DESKTOP-1C650N4
			--- [ost-startStop-1] o.s.b.c.e.FilterRegistrationBean         : Mapping filter: 'characterEncodingFilter' to: [/*]
2021-02-05 17:44:49.567  INFO DESKTOP-1C650N4
			--- [ost-startStop-1] o.s.b.c.e.FilterRegistrationBean         : Mapping filter: 'hiddenHttpMethodFilter' to: [/*]
2021-02-05 17:44:50.524  INFO DESKTOP-1C650N4
			--- [ost-startStop-1] o.a.c.u.SessionIdGeneratorBase           : Creation of SecureRandom instance for session ID generation using [SHA1PRNG] took [760] milliseconds.
2021-02-05 17:44:51.863  INFO DESKTOP-1C650N4
			--- [ject.App.main()] j.LocalContainerEntityManagerFactoryBean : Building JPA container EntityManagerFactory for persistence unit 'default'
2021-02-05 17:44:51.916  INFO DESKTOP-1C650N4
			--- [ject.App.main()] o.h.j.i.u.LogHelper                      : HHH000204: Processing PersistenceUnitInfo [
	name: default
	...]
2021-02-05 17:44:52.894  INFO DESKTOP-1C650N4
			--- [ject.App.main()] o.h.Version                              : HHH000412: Hibernate Core {4.3.11.Final}
2021-02-05 17:44:52.931  INFO DESKTOP-1C650N4
			--- [ject.App.main()] o.h.c.Environment                        : HHH000206: hibernate.properties not found
2021-02-05 17:44:52.951  INFO DESKTOP-1C650N4
			--- [ject.App.main()] o.h.c.Environment                        : HHH000021: Bytecode provider name : javassist
2021-02-05 17:44:54.481  INFO DESKTOP-1C650N4
			--- [ject.App.main()] o.h.a.c.Version                          : HCANN000001: Hibernate Commons Annotations {4.0.5.Final}
2021-02-05 17:44:59.029  INFO DESKTOP-1C650N4
			--- [ject.App.main()] o.h.d.Dialect                            : HHH000400: Using dialect: org.hibernate.dialect.MySQL5Dialect
2021-02-05 17:45:00.051  INFO DESKTOP-1C650N4
			--- [ject.App.main()] o.h.h.i.a.ASTQueryTranslatorFactory      : HHH000397: Using ASTQueryTranslatorFactory
2021-02-05 17:45:01.600  INFO DESKTOP-1C650N4
			--- [ject.App.main()] o.h.t.h.SchemaExport                     : HHH000227: Running hbm2ddl schema export
2021-02-05 17:45:03.991  INFO DESKTOP-1C650N4
			--- [ject.App.main()] o.h.t.h.SchemaExport                     : HHH000230: Schema export complete
2021-02-05 17:45:06.652  INFO DESKTOP-1C650N4
			--- [ject.App.main()] s.w.s.m.m.a.RequestMappingHandlerAdapter : Looking for @ControllerAdvice: org.springframework.boot.context.embedded.AnnotationConfigEmbeddedWebApplicationContext@6922516a: startup date [Fri Feb 05 17:44:19 EST 2021]; root of context hierarchy
2021-02-05 17:45:07.081  INFO DESKTOP-1C650N4
			--- [ject.App.main()] s.w.s.m.m.a.RequestMappingHandlerMapping : Mapped "{[/friends/{id}]}" onto public com.promineotech.mavenProject.entity.Friend com.promineotech.mavenProject.controllers.FriendsController.getFriend(java.lang.Long)
2021-02-05 17:45:07.161  INFO DESKTOP-1C650N4
			--- [ject.App.main()] s.w.s.m.m.a.RequestMappingHandlerMapping : Mapped "{[/friends/{id}],methods=[PUT]}" onto public com.promineotech.mavenProject.entity.Friend com.promineotech.mavenProject.controllers.FriendsController.updateFriend(java.lang.Long,com.promineotech.mavenProject.entity.Friend)
2021-02-05 17:45:07.294  INFO DESKTOP-1C650N4
			--- [ject.App.main()] s.w.s.m.m.a.RequestMappingHandlerMapping : Mapped "{[/friends],methods=[POST]}" onto public com.promineotech.mavenProject.entity.Friend com.promineotech.mavenProject.controllers.FriendsController.addFriend(com.promineotech.mavenProject.entity.Friend)
2021-02-05 17:45:07.391  INFO DESKTOP-1C650N4
			--- [ject.App.main()] s.w.s.m.m.a.RequestMappingHandlerMapping : Mapped "{[/friends]}" onto public java.lang.Iterable<com.promineotech.mavenProject.entity.Friend> com.promineotech.mavenProject.controllers.FriendsController.getFriends()
2021-02-05 17:45:07.476  INFO DESKTOP-1C650N4
			--- [ject.App.main()] s.w.s.m.m.a.RequestMappingHandlerMapping : Mapped "{[/friends/{id}],methods=[DELETE]}" onto public void com.promineotech.mavenProject.controllers.FriendsController.deleteFriend(java.lang.Long)
2021-02-05 17:45:07.595  INFO DESKTOP-1C650N4
			--- [ject.App.main()] s.w.s.m.m.a.RequestMappingHandlerMapping : Mapped "{[/error]}" onto public org.springframework.http.ResponseEntity<java.util.Map<java.lang.String, java.lang.Object>> org.springframework.boot.autoconfigure.web.BasicErrorController.error(javax.servlet.http.HttpServletRequest)
2021-02-05 17:45:07.625  INFO DESKTOP-1C650N4
			--- [ject.App.main()] s.w.s.m.m.a.RequestMappingHandlerMapping : Mapped "{[/error],produces=[text/html]}" onto public org.springframework.web.servlet.ModelAndView org.springframework.boot.autoconfigure.web.BasicErrorController.errorHtml(javax.servlet.http.HttpServletRequest)
2021-02-05 17:45:07.850  INFO DESKTOP-1C650N4
			--- [ject.App.main()] o.s.w.s.h.SimpleUrlHandlerMapping        : Mapped URL path [/webjars/**] onto handler of type [class org.springframework.web.servlet.resource.ResourceHttpRequestHandler]
2021-02-05 17:45:07.896  INFO DESKTOP-1C650N4
			--- [ject.App.main()] o.s.w.s.h.SimpleUrlHandlerMapping        : Mapped URL path [/**] onto handler of type [class org.springframework.web.servlet.resource.ResourceHttpRequestHandler]
2021-02-05 17:45:08.282  INFO DESKTOP-1C650N4
			--- [ject.App.main()] o.s.w.s.h.SimpleUrlHandlerMapping        : Mapped URL path [/**/favicon.ico] onto handler of type [class org.springframework.web.servlet.resource.ResourceHttpRequestHandler]
2021-02-05 17:45:09.475  INFO DESKTOP-1C650N4
			--- [ject.App.main()] o.s.j.e.a.AnnotationMBeanExporter        : Registering beans for JMX exposure on startup
2021-02-05 17:45:09.982  INFO DESKTOP-1C650N4
			--- [ject.App.main()] o.a.c.h.Http11NioProtocol                : Initializing ProtocolHandler ["http-nio-8080"]
2021-02-05 17:45:10.077  INFO DESKTOP-1C650N4
			--- [ject.App.main()] o.a.c.h.Http11NioProtocol                : Starting ProtocolHandler ["http-nio-8080"]
2021-02-05 17:45:10.181  INFO DESKTOP-1C650N4
			--- [ject.App.main()] o.a.t.u.n.NioSelectorPool                : Using a shared selector for servlet write/read
2021-02-05 17:45:10.286  INFO DESKTOP-1C650N4
			--- [ject.App.main()] s.b.c.e.t.TomcatEmbeddedServletContainer : Tomcat started on port(s): 8080 (http)
2021-02-05 17:45:10.299  INFO DESKTOP-1C650N4
			--- [ject.App.main()] c.p.m.App                                : Started App in 52.894 seconds (JVM running for 79.925)
2021-02-05 17:45:16.939  INFO DESKTOP-1C650N4
			--- [nio-8080-exec-1] o.a.c.c.C.[.[.[/]                        : Initializing Spring FrameworkServlet 'dispatcherServlet'
2021-02-05 17:45:16.964  INFO DESKTOP-1C650N4
			--- [nio-8080-exec-1] o.s.w.s.DispatcherServlet                : FrameworkServlet 'dispatcherServlet': initialization started
2021-02-05 17:45:17.076  INFO DESKTOP-1C650N4
			--- [nio-8080-exec-1] o.s.w.s.DispatcherServlet                : FrameworkServlet 'dispatcherServlet': initialization completed in 98 ms
2021-02-05 17:45:17.160  INFO DESKTOP-1C650N4
			--- [nio-8080-exec-1] c.p.m.c.FriendsController                : Info log
2021-02-05 17:45:17.167  WARN DESKTOP-1C650N4
			--- [nio-8080-exec-1] c.p.m.c.FriendsController                : WARNING
2021-02-05 17:45:17.175 ERROR DESKTOP-1C650N4
			--- [nio-8080-exec-1] c.p.m.c.FriendsController                : This is an error
2021-02-05 17:45:17.182 FATAL DESKTOP-1C650N4
			--- [nio-8080-exec-1] c.p.m.c.FriendsController                : Your program is broken
2021-02-05 17:45:17.190 FATAL DESKTOP-1C650N4
			--- [nio-8080-exec-1] c.p.m.c.FriendsController                : An exception occurred.
2021-02-05 17:47:29.085  INFO DESKTOP-1C650N4
			--- [ject.App.main()] c.p.m.App                                : Starting App on DESKTOP-1C650N4 with PID 19504 (C:\Users\jeffe\eclipse-workspace\mavenProject\target\classes started by jeffe in C:\Users\jeffe\eclipse-workspace\mavenProject)
2021-02-05 17:47:29.265  INFO DESKTOP-1C650N4
			--- [ject.App.main()] ationConfigEmbeddedWebApplicationContext : Refreshing org.springframework.boot.context.embedded.AnnotationConfigEmbeddedWebApplicationContext@42ebb190: startup date [Fri Feb 05 17:47:29 EST 2021]; root of context hierarchy
2021-02-05 17:47:31.770  INFO DESKTOP-1C650N4
			--- [ject.App.main()] o.s.b.f.s.DefaultListableBeanFactory     : Overriding bean definition for bean 'beanNameViewResolver': replacing [Root bean: class [null]; scope=; abstract=false; lazyInit=false; autowireMode=3; dependencyCheck=0; autowireCandidate=true; primary=false; factoryBeanName=org.springframework.boot.autoconfigure.web.ErrorMvcAutoConfiguration$WhitelabelErrorViewConfiguration; factoryMethodName=beanNameViewResolver; initMethodName=null; destroyMethodName=(inferred); defined in class path resource [org/springframework/boot/autoconfigure/web/ErrorMvcAutoConfiguration$WhitelabelErrorViewConfiguration.class]] with [Root bean: class [null]; scope=; abstract=false; lazyInit=false; autowireMode=3; dependencyCheck=0; autowireCandidate=true; primary=false; factoryBeanName=org.springframework.boot.autoconfigure.web.WebMvcAutoConfiguration$WebMvcAutoConfigurationAdapter; factoryMethodName=beanNameViewResolver; initMethodName=null; destroyMethodName=(inferred); defined in class path resource [org/springframework/boot/autoconfigure/web/WebMvcAutoConfiguration$WebMvcAutoConfigurationAdapter.class]]
2021-02-05 17:47:33.368  INFO DESKTOP-1C650N4
			--- [ject.App.main()] o.h.v.i.u.Version                        : HV000001: Hibernate Validator 5.1.3.Final
2021-02-05 17:47:34.082  INFO DESKTOP-1C650N4
			--- [ject.App.main()] trationDelegate$BeanPostProcessorChecker : Bean 'org.springframework.transaction.annotation.ProxyTransactionManagementConfiguration' of type [class org.springframework.transaction.annotation.ProxyTransactionManagementConfiguration$$EnhancerBySpringCGLIB$$88a84cbc] is not eligible for getting processed by all BeanPostProcessors (for example: not eligible for auto-proxying)
2021-02-05 17:47:34.241  INFO DESKTOP-1C650N4
			--- [ject.App.main()] trationDelegate$BeanPostProcessorChecker : Bean 'transactionAttributeSource' of type [class org.springframework.transaction.annotation.AnnotationTransactionAttributeSource] is not eligible for getting processed by all BeanPostProcessors (for example: not eligible for auto-proxying)
2021-02-05 17:47:34.306  INFO DESKTOP-1C650N4
			--- [ject.App.main()] trationDelegate$BeanPostProcessorChecker : Bean 'transactionInterceptor' of type [class org.springframework.transaction.interceptor.TransactionInterceptor] is not eligible for getting processed by all BeanPostProcessors (for example: not eligible for auto-proxying)
2021-02-05 17:47:34.353  INFO DESKTOP-1C650N4
			--- [ject.App.main()] trationDelegate$BeanPostProcessorChecker : Bean 'org.springframework.transaction.config.internalTransactionAdvisor' of type [class org.springframework.transaction.interceptor.BeanFactoryTransactionAttributeSourceAdvisor] is not eligible for getting processed by all BeanPostProcessors (for example: not eligible for auto-proxying)
2021-02-05 17:47:36.957  INFO DESKTOP-1C650N4
			--- [ject.App.main()] s.b.c.e.t.TomcatEmbeddedServletContainer : Tomcat initialized with port(s): 8080 (http)
2021-02-05 17:47:37.346  INFO DESKTOP-1C650N4
			--- [ject.App.main()] o.a.c.c.StandardService                  : Starting service Tomcat
2021-02-05 17:47:37.359  INFO DESKTOP-1C650N4
			--- [ject.App.main()] o.a.c.c.StandardEngine                   : Starting Servlet Engine: Apache Tomcat/8.0.26
2021-02-05 17:47:37.569  INFO DESKTOP-1C650N4
			--- [ost-startStop-1] o.a.c.l.WebappLoader                     : Unknown loader jdk.internal.loader.ClassLoaders$AppClassLoader@30946e09 class jdk.internal.loader.ClassLoaders$AppClassLoader
2021-02-05 17:47:37.638  INFO DESKTOP-1C650N4
			--- [ost-startStop-1] o.a.c.c.C.[.[.[/]                        : Initializing Spring embedded WebApplicationContext
2021-02-05 17:47:37.645  INFO DESKTOP-1C650N4
			--- [ost-startStop-1] o.s.w.c.ContextLoader                    : Root WebApplicationContext: initialization completed in 8397 ms
2021-02-05 17:47:39.741  INFO DESKTOP-1C650N4
			--- [ost-startStop-1] o.s.b.c.e.ServletRegistrationBean        : Mapping servlet: 'dispatcherServlet' to [/]
2021-02-05 17:47:39.762  INFO DESKTOP-1C650N4
			--- [ost-startStop-1] o.s.b.c.e.FilterRegistrationBean         : Mapping filter: 'characterEncodingFilter' to: [/*]
2021-02-05 17:47:39.764  INFO DESKTOP-1C650N4
			--- [ost-startStop-1] o.s.b.c.e.FilterRegistrationBean         : Mapping filter: 'hiddenHttpMethodFilter' to: [/*]
2021-02-05 17:47:40.166  INFO DESKTOP-1C650N4
			--- [ost-startStop-1] o.a.c.u.SessionIdGeneratorBase           : Creation of SecureRandom instance for session ID generation using [SHA1PRNG] took [332] milliseconds.
2021-02-05 17:47:40.759  INFO DESKTOP-1C650N4
			--- [ject.App.main()] j.LocalContainerEntityManagerFactoryBean : Building JPA container EntityManagerFactory for persistence unit 'default'
2021-02-05 17:47:40.793  INFO DESKTOP-1C650N4
			--- [ject.App.main()] o.h.j.i.u.LogHelper                      : HHH000204: Processing PersistenceUnitInfo [
	name: default
	...]
2021-02-05 17:47:41.167  INFO DESKTOP-1C650N4
			--- [ject.App.main()] o.h.Version                              : HHH000412: Hibernate Core {4.3.11.Final}
2021-02-05 17:47:41.179  INFO DESKTOP-1C650N4
			--- [ject.App.main()] o.h.c.Environment                        : HHH000206: hibernate.properties not found
2021-02-05 17:47:41.194  INFO DESKTOP-1C650N4
			--- [ject.App.main()] o.h.c.Environment                        : HHH000021: Bytecode provider name : javassist
2021-02-05 17:47:41.832  INFO DESKTOP-1C650N4
			--- [ject.App.main()] o.h.a.c.Version                          : HCANN000001: Hibernate Commons Annotations {4.0.5.Final}
2021-02-05 17:47:44.568  INFO DESKTOP-1C650N4
			--- [ject.App.main()] o.h.d.Dialect                            : HHH000400: Using dialect: org.hibernate.dialect.MySQL5Dialect
2021-02-05 17:47:45.113  INFO DESKTOP-1C650N4
			--- [ject.App.main()] o.h.h.i.a.ASTQueryTranslatorFactory      : HHH000397: Using ASTQueryTranslatorFactory
2021-02-05 17:47:45.890  INFO DESKTOP-1C650N4
			--- [ject.App.main()] o.h.t.h.SchemaExport                     : HHH000227: Running hbm2ddl schema export
2021-02-05 17:47:46.429  INFO DESKTOP-1C650N4
			--- [ject.App.main()] o.h.t.h.SchemaExport                     : HHH000230: Schema export complete
2021-02-05 17:47:47.459  INFO DESKTOP-1C650N4
			--- [ject.App.main()] s.w.s.m.m.a.RequestMappingHandlerAdapter : Looking for @ControllerAdvice: org.springframework.boot.context.embedded.AnnotationConfigEmbeddedWebApplicationContext@42ebb190: startup date [Fri Feb 05 17:47:29 EST 2021]; root of context hierarchy
2021-02-05 17:47:47.710  INFO DESKTOP-1C650N4
			--- [ject.App.main()] s.w.s.m.m.a.RequestMappingHandlerMapping : Mapped "{[/friends/{id}],methods=[PUT]}" onto public com.promineotech.mavenProject.entity.Friend com.promineotech.mavenProject.controllers.FriendsController.updateFriend(java.lang.Long,com.promineotech.mavenProject.entity.Friend)
2021-02-05 17:47:47.714  INFO DESKTOP-1C650N4
			--- [ject.App.main()] s.w.s.m.m.a.RequestMappingHandlerMapping : Mapped "{[/friends]}" onto public java.lang.Iterable<com.promineotech.mavenProject.entity.Friend> com.promineotech.mavenProject.controllers.FriendsController.getFriends()
2021-02-05 17:47:47.716  INFO DESKTOP-1C650N4
			--- [ject.App.main()] s.w.s.m.m.a.RequestMappingHandlerMapping : Mapped "{[/friends/{id}],methods=[DELETE]}" onto public void com.promineotech.mavenProject.controllers.FriendsController.deleteFriend(java.lang.Long)
2021-02-05 17:47:47.721  INFO DESKTOP-1C650N4
			--- [ject.App.main()] s.w.s.m.m.a.RequestMappingHandlerMapping : Mapped "{[/friends/{id}]}" onto public com.promineotech.mavenProject.entity.Friend com.promineotech.mavenProject.controllers.FriendsController.getFriend(java.lang.Long)
2021-02-05 17:47:47.724  INFO DESKTOP-1C650N4
			--- [ject.App.main()] s.w.s.m.m.a.RequestMappingHandlerMapping : Mapped "{[/friends],methods=[POST]}" onto public com.promineotech.mavenProject.entity.Friend com.promineotech.mavenProject.controllers.FriendsController.addFriend(com.promineotech.mavenProject.entity.Friend)
2021-02-05 17:47:47.728  INFO DESKTOP-1C650N4
			--- [ject.App.main()] s.w.s.m.m.a.RequestMappingHandlerMapping : Mapped "{[/error]}" onto public org.springframework.http.ResponseEntity<java.util.Map<java.lang.String, java.lang.Object>> org.springframework.boot.autoconfigure.web.BasicErrorController.error(javax.servlet.http.HttpServletRequest)
2021-02-05 17:47:47.730  INFO DESKTOP-1C650N4
			--- [ject.App.main()] s.w.s.m.m.a.RequestMappingHandlerMapping : Mapped "{[/error],produces=[text/html]}" onto public org.springframework.web.servlet.ModelAndView org.springframework.boot.autoconfigure.web.BasicErrorController.errorHtml(javax.servlet.http.HttpServletRequest)
2021-02-05 17:47:47.823  INFO DESKTOP-1C650N4
			--- [ject.App.main()] o.s.w.s.h.SimpleUrlHandlerMapping        : Mapped URL path [/webjars/**] onto handler of type [class org.springframework.web.servlet.resource.ResourceHttpRequestHandler]
2021-02-05 17:47:47.833  INFO DESKTOP-1C650N4
			--- [ject.App.main()] o.s.w.s.h.SimpleUrlHandlerMapping        : Mapped URL path [/**] onto handler of type [class org.springframework.web.servlet.resource.ResourceHttpRequestHandler]
2021-02-05 17:47:47.984  INFO DESKTOP-1C650N4
			--- [ject.App.main()] o.s.w.s.h.SimpleUrlHandlerMapping        : Mapped URL path [/**/favicon.ico] onto handler of type [class org.springframework.web.servlet.resource.ResourceHttpRequestHandler]
2021-02-05 17:47:48.463  INFO DESKTOP-1C650N4
			--- [ject.App.main()] o.s.j.e.a.AnnotationMBeanExporter        : Registering beans for JMX exposure on startup
2021-02-05 17:47:48.563  INFO DESKTOP-1C650N4
			--- [ject.App.main()] o.a.c.h.Http11NioProtocol                : Initializing ProtocolHandler ["http-nio-8080"]
2021-02-05 17:47:48.598  INFO DESKTOP-1C650N4
			--- [ject.App.main()] o.a.c.h.Http11NioProtocol                : Starting ProtocolHandler ["http-nio-8080"]
2021-02-05 17:47:48.663  INFO DESKTOP-1C650N4
			--- [ject.App.main()] o.a.t.u.n.NioSelectorPool                : Using a shared selector for servlet write/read
2021-02-05 17:47:48.754  INFO DESKTOP-1C650N4
			--- [ject.App.main()] s.b.c.e.t.TomcatEmbeddedServletContainer : Tomcat started on port(s): 8080 (http)
2021-02-05 17:47:48.806  INFO DESKTOP-1C650N4
			--- [ject.App.main()] c.p.m.App                                : Started App in 20.792 seconds (JVM running for 35.539)
2021-02-05 17:48:40.220  INFO DESKTOP-1C650N4
			--- [nio-8080-exec-1] o.a.c.c.C.[.[.[/]                        : Initializing Spring FrameworkServlet 'dispatcherServlet'
2021-02-05 17:48:40.232  INFO DESKTOP-1C650N4
			--- [nio-8080-exec-1] o.s.w.s.DispatcherServlet                : FrameworkServlet 'dispatcherServlet': initialization started
2021-02-05 17:48:40.392  INFO DESKTOP-1C650N4
			--- [nio-8080-exec-1] o.s.w.s.DispatcherServlet                : FrameworkServlet 'dispatcherServlet': initialization completed in 158 ms
2021-02-05 17:48:40.493  INFO DESKTOP-1C650N4
			--- [nio-8080-exec-1] c.p.m.c.FriendsController                : Info log
2021-02-05 17:48:40.499  WARN DESKTOP-1C650N4
			--- [nio-8080-exec-1] c.p.m.c.FriendsController                : WARNING
2021-02-05 17:48:40.505 ERROR DESKTOP-1C650N4
			--- [nio-8080-exec-1] c.p.m.c.FriendsController                : This is an error
2021-02-05 17:48:40.508 FATAL DESKTOP-1C650N4
			--- [nio-8080-exec-1] c.p.m.c.FriendsController                : Your program is broken
2021-02-05 17:48:40.510 FATAL DESKTOP-1C650N4
			--- [nio-8080-exec-1] c.p.m.c.FriendsController                : An exception occurred. This is an exception!
